<?xml version="1.0" encoding="UTF-8"?>
<coverage generated="1648853307631" clover="3.2.0">
  <project timestamp="1648853307631" name="All files">
    <metrics statements="79" coveredstatements="78" conditionals="17" coveredconditionals="16" methods="21" coveredmethods="21" elements="117" coveredelements="115" complexity="0" loc="79" ncloc="79" packages="3" files="4" classes="4"/>
    <package name="entities">
      <metrics statements="34" coveredstatements="33" conditionals="5" coveredconditionals="4" methods="9" coveredmethods="9"/>
      <file name="Paragraph.ts" path="C:\projects\thecave\bewerbung\exercises\src\domain\entities\Paragraph.ts">
        <metrics statements="24" coveredstatements="23" conditionals="3" coveredconditionals="2" methods="6" coveredmethods="6"/>
        <line num="1" count="2" type="stmt"/>
        <line num="2" count="2" type="stmt"/>
        <line num="4" count="2" type="stmt"/>
        <line num="5" count="36" type="stmt"/>
        <line num="6" count="36" type="stmt"/>
        <line num="7" count="36" type="stmt"/>
        <line num="10" count="36" type="cond" truecount="1" falsecount="0"/>
        <line num="11" count="1" type="stmt"/>
        <line num="13" count="35" type="stmt"/>
        <line num="14" count="35" type="stmt"/>
        <line num="18" count="4" type="stmt"/>
        <line num="22" count="215" type="stmt"/>
        <line num="26" count="35" type="stmt"/>
        <line num="33" count="35" type="stmt"/>
        <line num="34" count="35" type="stmt"/>
        <line num="35" count="35" type="stmt"/>
        <line num="36" count="367" type="stmt"/>
        <line num="37" count="367" type="stmt"/>
        <line num="38" count="365" type="stmt"/>
        <line num="40" count="2" type="stmt"/>
        <line num="41" count="2" type="cond" truecount="1" falsecount="1"/>
        <line num="42" count="2" type="stmt"/>
        <line num="44" count="0" type="stmt"/>
        <line num="47" count="33" type="stmt"/>
      </file>
      <file name="Word.ts" path="C:\projects\thecave\bewerbung\exercises\src\domain\entities\Word.ts">
        <metrics statements="10" coveredstatements="10" conditionals="2" coveredconditionals="2" methods="3" coveredmethods="3"/>
        <line num="1" count="3" type="stmt"/>
        <line num="3" count="3" type="stmt"/>
        <line num="4" count="428" type="stmt"/>
        <line num="8" count="428" type="cond" truecount="1" falsecount="0"/>
        <line num="9" count="3" type="stmt"/>
        <line num="11" count="425" type="cond" truecount="1" falsecount="0"/>
        <line num="12" count="2" type="stmt"/>
        <line num="14" count="423" type="stmt"/>
        <line num="18" count="664" type="stmt"/>
        <line num="22" count="423" type="stmt"/>
      </file>
    </package>
    <package name="errors">
      <metrics statements="12" coveredstatements="12" conditionals="8" coveredconditionals="8" methods="4" coveredmethods="4"/>
      <file name="index.ts" path="C:\projects\thecave\bewerbung\exercises\src\domain\errors\index.ts">
        <metrics statements="12" coveredstatements="12" conditionals="8" coveredconditionals="8" methods="4" coveredmethods="4"/>
        <line num="1" count="3" type="stmt"/>
        <line num="3" count="6" type="cond" truecount="2" falsecount="0"/>
        <line num="4" count="6" type="stmt"/>
        <line num="8" count="3" type="stmt"/>
        <line num="10" count="2" type="cond" truecount="2" falsecount="0"/>
        <line num="11" count="2" type="stmt"/>
        <line num="15" count="3" type="stmt"/>
        <line num="17" count="3" type="cond" truecount="2" falsecount="0"/>
        <line num="18" count="3" type="stmt"/>
        <line num="22" count="3" type="stmt"/>
        <line num="24" count="1" type="cond" truecount="2" falsecount="0"/>
        <line num="25" count="1" type="stmt"/>
      </file>
    </package>
    <package name="usecases">
      <metrics statements="33" coveredstatements="33" conditionals="4" coveredconditionals="4" methods="8" coveredmethods="8"/>
      <file name="OneTimeParagraphAnalyser.ts" path="C:\projects\thecave\bewerbung\exercises\src\domain\usecases\OneTimeParagraphAnalyser.ts">
        <metrics statements="33" coveredstatements="33" conditionals="4" coveredconditionals="4" methods="8" coveredmethods="8"/>
        <line num="2" count="1" type="stmt"/>
        <line num="3" count="1" type="stmt"/>
        <line num="4" count="1" type="stmt"/>
        <line num="6" count="1" type="stmt"/>
        <line num="8" count="25" type="stmt"/>
        <line num="9" count="24" type="stmt"/>
        <line num="11" count="22" type="cond" truecount="1" falsecount="0"/>
        <line num="12" count="1" type="stmt"/>
        <line num="14" count="21" type="stmt"/>
        <line num="18" count="25" type="stmt"/>
        <line num="19" count="25" type="stmt"/>
        <line num="21" count="1" type="stmt"/>
        <line num="26" count="24" type="stmt"/>
        <line num="27" count="24" type="stmt"/>
        <line num="28" count="24" type="stmt"/>
        <line num="29" count="52" type="stmt"/>
        <line num="30" count="51" type="stmt"/>
        <line num="33" count="1" type="stmt"/>
        <line num="35" count="23" type="cond" truecount="1" falsecount="0"/>
        <line num="36" count="1" type="stmt"/>
        <line num="38" count="22" type="stmt"/>
        <line num="43" count="21" type="stmt"/>
        <line num="44" count="30" type="stmt"/>
        <line num="45" count="73" type="stmt"/>
        <line num="46" count="73" type="cond" truecount="1" falsecount="0"/>
        <line num="47" count="20" type="stmt"/>
        <line num="51" count="1" type="stmt"/>
        <line num="55" count="73" type="stmt"/>
        <line num="56" count="73" type="stmt"/>
        <line num="57" count="293" type="stmt"/>
        <line num="58" count="182" type="cond" truecount="1" falsecount="0"/>
        <line num="59" count="104" type="stmt"/>
        <line num="62" count="73" type="stmt"/>
      </file>
    </package>
  </project>
</coverage>
