{"C:\\projects\\thecave\\bewerbung\\exercises\\src\\domain\\entities\\Paragraph.ts": {"path":"C:\\projects\\thecave\\bewerbung\\exercises\\src\\domain\\entities\\Paragraph.ts","statementMap":{"0":{"start":{"line":1,"column":0},"end":{"line":1,"column":78}},"1":{"start":{"line":2,"column":0},"end":{"line":2,"column":25}},"2":{"start":{"line":5,"column":10},"end":{"line":5,"column":null}},"3":{"start":{"line":6,"column":10},"end":{"line":6,"column":null}},"4":{"start":{"line":7,"column":10},"end":{"line":7,"column":null}},"5":{"start":{"line":10,"column":4},"end":{"line":11,"column":null}},"6":{"start":{"line":11,"column":6},"end":{"line":11,"column":null}},"7":{"start":{"line":13,"column":4},"end":{"line":13,"column":null}},"8":{"start":{"line":14,"column":4},"end":{"line":14,"column":null}},"9":{"start":{"line":18,"column":4},"end":{"line":18,"column":null}},"10":{"start":{"line":22,"column":4},"end":{"line":22,"column":null}},"11":{"start":{"line":26,"column":4},"end":{"line":29,"column":null}},"12":{"start":{"line":33,"column":30},"end":{"line":33,"column":33}},"13":{"start":{"line":34,"column":28},"end":{"line":34,"column":30}},"14":{"start":{"line":35,"column":4},"end":{"line":46,"column":null}},"15":{"start":{"line":36,"column":6},"end":{"line":45,"column":null}},"16":{"start":{"line":37,"column":29},"end":{"line":37,"column":43}},"17":{"start":{"line":38,"column":8},"end":{"line":38,"column":null}},"18":{"start":{"line":40,"column":8},"end":{"line":40,"column":null}},"19":{"start":{"line":41,"column":8},"end":{"line":44,"column":null}},"20":{"start":{"line":42,"column":10},"end":{"line":42,"column":null}},"21":{"start":{"line":44,"column":10},"end":{"line":44,"column":null}},"22":{"start":{"line":47,"column":4},"end":{"line":47,"column":null}},"23":{"start":{"line":4,"column":0},"end":{"line":4,"column":21}}},"fnMap":{"0":{"name":"(anonymous_1)","decl":{"start":{"line":9,"column":2},"end":{"line":9,"column":15}},"loc":{"start":{"line":9,"column":26},"end":{"line":15,"column":3}}},"1":{"name":"(anonymous_2)","decl":{"start":{"line":17,"column":2},"end":{"line":17,"column":6}},"loc":{"start":{"line":17,"column":10},"end":{"line":19,"column":3}}},"2":{"name":"(anonymous_3)","decl":{"start":{"line":21,"column":2},"end":{"line":21,"column":6}},"loc":{"start":{"line":21,"column":11},"end":{"line":23,"column":3}}},"3":{"name":"(anonymous_4)","decl":{"start":{"line":25,"column":10},"end":{"line":25,"column":18}},"loc":{"start":{"line":25,"column":32},"end":{"line":30,"column":3}}},"4":{"name":"(anonymous_5)","decl":{"start":{"line":32,"column":10},"end":{"line":32,"column":26}},"loc":{"start":{"line":32,"column":40},"end":{"line":48,"column":3}}},"5":{"name":"(anonymous_6)","decl":{"start":{"line":35,"column":34},"end":{"line":35,"column":35}},"loc":{"start":{"line":35,"column":43},"end":{"line":46,"column":5}}}},"branchMap":{"0":{"loc":{"start":{"line":10,"column":4},"end":{"line":11,"column":null}},"type":"if","locations":[{"start":{"line":10,"column":4},"end":{"line":11,"column":null}}]},"1":{"loc":{"start":{"line":41,"column":8},"end":{"line":44,"column":null}},"type":"if","locations":[{"start":{"line":41,"column":8},"end":{"line":44,"column":null}},{"start":{"line":44,"column":10},"end":{"line":44,"column":null}}]}},"s":{"0":2,"1":2,"2":36,"3":36,"4":36,"5":36,"6":1,"7":35,"8":35,"9":4,"10":215,"11":35,"12":35,"13":35,"14":35,"15":367,"16":367,"17":365,"18":2,"19":2,"20":2,"21":0,"22":33,"23":2},"f":{"0":36,"1":4,"2":215,"3":35,"4":35,"5":367},"b":{"0":[1],"1":[2,0]}}
,"C:\\projects\\thecave\\bewerbung\\exercises\\src\\domain\\entities\\Word.ts": {"path":"C:\\projects\\thecave\\bewerbung\\exercises\\src\\domain\\entities\\Word.ts","statementMap":{"0":{"start":{"line":1,"column":0},"end":{"line":1,"column":62}},"1":{"start":{"line":4,"column":10},"end":{"line":4,"column":null}},"2":{"start":{"line":8,"column":4},"end":{"line":9,"column":null}},"3":{"start":{"line":9,"column":6},"end":{"line":9,"column":null}},"4":{"start":{"line":11,"column":4},"end":{"line":12,"column":null}},"5":{"start":{"line":12,"column":6},"end":{"line":12,"column":null}},"6":{"start":{"line":14,"column":4},"end":{"line":14,"column":null}},"7":{"start":{"line":18,"column":4},"end":{"line":18,"column":null}},"8":{"start":{"line":22,"column":4},"end":{"line":22,"column":null}},"9":{"start":{"line":3,"column":0},"end":{"line":3,"column":21}}},"fnMap":{"0":{"name":"(anonymous_0)","decl":{"start":{"line":7,"column":2},"end":{"line":7,"column":15}},"loc":{"start":{"line":7,"column":27},"end":{"line":15,"column":3}}},"1":{"name":"(anonymous_1)","decl":{"start":{"line":17,"column":2},"end":{"line":17,"column":6}},"loc":{"start":{"line":17,"column":10},"end":{"line":19,"column":3}}},"2":{"name":"(anonymous_2)","decl":{"start":{"line":21,"column":10},"end":{"line":21,"column":18}},"loc":{"start":{"line":21,"column":32},"end":{"line":23,"column":3}}}},"branchMap":{"0":{"loc":{"start":{"line":8,"column":4},"end":{"line":9,"column":null}},"type":"if","locations":[{"start":{"line":8,"column":4},"end":{"line":9,"column":null}}]},"1":{"loc":{"start":{"line":11,"column":4},"end":{"line":12,"column":null}},"type":"if","locations":[{"start":{"line":11,"column":4},"end":{"line":12,"column":null}}]}},"s":{"0":3,"1":428,"2":428,"3":3,"4":425,"5":2,"6":423,"7":664,"8":423,"9":3},"f":{"0":428,"1":664,"2":423},"b":{"0":[3],"1":[2]}}
,"C:\\projects\\thecave\\bewerbung\\exercises\\src\\domain\\errors\\index.ts": {"path":"C:\\projects\\thecave\\bewerbung\\exercises\\src\\domain\\errors\\index.ts","statementMap":{"0":{"start":{"line":3,"column":4},"end":{"line":3,"column":null}},"1":{"start":{"line":4,"column":4},"end":{"line":4,"column":null}},"2":{"start":{"line":1,"column":0},"end":{"line":1,"column":13}},"3":{"start":{"line":10,"column":4},"end":{"line":10,"column":null}},"4":{"start":{"line":11,"column":4},"end":{"line":11,"column":null}},"5":{"start":{"line":8,"column":0},"end":{"line":8,"column":13}},"6":{"start":{"line":17,"column":4},"end":{"line":17,"column":null}},"7":{"start":{"line":18,"column":4},"end":{"line":18,"column":null}},"8":{"start":{"line":15,"column":0},"end":{"line":15,"column":13}},"9":{"start":{"line":24,"column":4},"end":{"line":24,"column":null}},"10":{"start":{"line":25,"column":4},"end":{"line":25,"column":null}},"11":{"start":{"line":22,"column":0},"end":{"line":22,"column":13}}},"fnMap":{"0":{"name":"(anonymous_0)","decl":{"start":{"line":2,"column":2},"end":{"line":2,"column":15}},"loc":{"start":{"line":2,"column":31},"end":{"line":5,"column":3}}},"1":{"name":"(anonymous_1)","decl":{"start":{"line":9,"column":2},"end":{"line":9,"column":15}},"loc":{"start":{"line":9,"column":31},"end":{"line":12,"column":3}}},"2":{"name":"(anonymous_2)","decl":{"start":{"line":16,"column":2},"end":{"line":16,"column":15}},"loc":{"start":{"line":16,"column":31},"end":{"line":19,"column":3}}},"3":{"name":"(anonymous_3)","decl":{"start":{"line":23,"column":2},"end":{"line":23,"column":15}},"loc":{"start":{"line":23,"column":31},"end":{"line":26,"column":3}}}},"branchMap":{"0":{"loc":{"start":{"line":3,"column":10},"end":{"line":3,"column":40}},"type":"binary-expr","locations":[{"start":{"line":3,"column":10},"end":{"line":3,"column":17}},{"start":{"line":3,"column":21},"end":{"line":3,"column":40}}]},"1":{"loc":{"start":{"line":10,"column":10},"end":{"line":10,"column":58}},"type":"binary-expr","locations":[{"start":{"line":10,"column":10},"end":{"line":10,"column":17}},{"start":{"line":10,"column":21},"end":{"line":10,"column":58}}]},"2":{"loc":{"start":{"line":17,"column":10},"end":{"line":17,"column":45}},"type":"binary-expr","locations":[{"start":{"line":17,"column":10},"end":{"line":17,"column":17}},{"start":{"line":17,"column":21},"end":{"line":17,"column":45}}]},"3":{"loc":{"start":{"line":24,"column":10},"end":{"line":24,"column":40}},"type":"binary-expr","locations":[{"start":{"line":24,"column":10},"end":{"line":24,"column":17}},{"start":{"line":24,"column":21},"end":{"line":24,"column":40}}]}},"s":{"0":6,"1":6,"2":3,"3":2,"4":2,"5":3,"6":3,"7":3,"8":3,"9":1,"10":1,"11":3},"f":{"0":6,"1":2,"2":3,"3":1},"b":{"0":[6,6],"1":[2,2],"2":[3,2],"3":[1,1]}}
,"C:\\projects\\thecave\\bewerbung\\exercises\\src\\domain\\usecases\\OneTimeParagraphAnalyser.ts": {"path":"C:\\projects\\thecave\\bewerbung\\exercises\\src\\domain\\usecases\\OneTimeParagraphAnalyser.ts","statementMap":{"0":{"start":{"line":2,"column":0},"end":{"line":2,"column":45}},"1":{"start":{"line":3,"column":0},"end":{"line":3,"column":35}},"2":{"start":{"line":4,"column":0},"end":{"line":4,"column":55}},"3":{"start":{"line":8,"column":22},"end":{"line":8,"column":50}},"4":{"start":{"line":9,"column":24},"end":{"line":9,"column":56}},"5":{"start":{"line":11,"column":4},"end":{"line":12,"column":null}},"6":{"start":{"line":12,"column":6},"end":{"line":12,"column":null}},"7":{"start":{"line":14,"column":4},"end":{"line":14,"column":null}},"8":{"start":{"line":18,"column":4},"end":{"line":22,"column":null}},"9":{"start":{"line":19,"column":6},"end":{"line":19,"column":null}},"10":{"start":{"line":21,"column":6},"end":{"line":21,"column":null}},"11":{"start":{"line":26,"column":32},"end":{"line":26,"column":34}},"12":{"start":{"line":27,"column":4},"end":{"line":34,"column":null}},"13":{"start":{"line":28,"column":6},"end":{"line":31,"column":null}},"14":{"start":{"line":29,"column":27},"end":{"line":29,"column":47}},"15":{"start":{"line":30,"column":8},"end":{"line":30,"column":null}},"16":{"start":{"line":33,"column":6},"end":{"line":33,"column":null}},"17":{"start":{"line":35,"column":4},"end":{"line":37,"column":null}},"18":{"start":{"line":36,"column":6},"end":{"line":36,"column":null}},"19":{"start":{"line":38,"column":4},"end":{"line":38,"column":null}},"20":{"start":{"line":43,"column":4},"end":{"line":50,"column":null}},"21":{"start":{"line":43,"column":30},"end":{"line":43,"column":48}},"22":{"start":{"line":44,"column":6},"end":{"line":49,"column":null}},"23":{"start":{"line":44,"column":34},"end":{"line":44,"column":35}},"24":{"start":{"line":45,"column":25},"end":{"line":45,"column":99}},"25":{"start":{"line":46,"column":8},"end":{"line":48,"column":null}},"26":{"start":{"line":47,"column":10},"end":{"line":47,"column":null}},"27":{"start":{"line":51,"column":4},"end":{"line":51,"column":null}},"28":{"start":{"line":55,"column":21},"end":{"line":55,"column":37}},"29":{"start":{"line":56,"column":4},"end":{"line":61,"column":null}},"30":{"start":{"line":57,"column":20},"end":{"line":57,"column":108}},"31":{"start":{"line":57,"column":55},"end":{"line":57,"column":107}},"32":{"start":{"line":58,"column":6},"end":{"line":60,"column":null}},"33":{"start":{"line":59,"column":8},"end":{"line":59,"column":null}},"34":{"start":{"line":62,"column":4},"end":{"line":62,"column":null}},"35":{"start":{"line":6,"column":0},"end":{"line":6,"column":21}}},"fnMap":{"0":{"name":"(anonymous_1)","decl":{"start":{"line":7,"column":2},"end":{"line":7,"column":27}},"loc":{"start":{"line":7,"column":58},"end":{"line":15,"column":3}}},"1":{"name":"(anonymous_2)","decl":{"start":{"line":17,"column":10},"end":{"line":17,"column":27}},"loc":{"start":{"line":17,"column":40},"end":{"line":23,"column":3}}},"2":{"name":"(anonymous_3)","decl":{"start":{"line":25,"column":10},"end":{"line":25,"column":29}},"loc":{"start":{"line":25,"column":47},"end":{"line":39,"column":3}}},"3":{"name":"(anonymous_4)","decl":{"start":{"line":28,"column":21},"end":{"line":28,"column":22}},"loc":{"start":{"line":28,"column":36},"end":{"line":31,"column":7}}},"4":{"name":"(anonymous_5)","decl":{"start":{"line":42,"column":10},"end":{"line":42,"column":22}},"loc":{"start":{"line":42,"column":65},"end":{"line":52,"column":3}}},"5":{"name":"(anonymous_6)","decl":{"start":{"line":54,"column":10},"end":{"line":54,"column":26}},"loc":{"start":{"line":54,"column":67},"end":{"line":63,"column":3}}},"6":{"name":"(anonymous_7)","decl":{"start":{"line":56,"column":21},"end":{"line":56,"column":22}},"loc":{"start":{"line":56,"column":30},"end":{"line":61,"column":5}}},"7":{"name":"(anonymous_8)","decl":{"start":{"line":57,"column":39},"end":{"line":57,"column":40}},"loc":{"start":{"line":57,"column":55},"end":{"line":57,"column":107}}}},"branchMap":{"0":{"loc":{"start":{"line":11,"column":4},"end":{"line":12,"column":null}},"type":"if","locations":[{"start":{"line":11,"column":4},"end":{"line":12,"column":null}}]},"1":{"loc":{"start":{"line":35,"column":4},"end":{"line":37,"column":null}},"type":"if","locations":[{"start":{"line":35,"column":4},"end":{"line":37,"column":null}}]},"2":{"loc":{"start":{"line":46,"column":8},"end":{"line":48,"column":null}},"type":"if","locations":[{"start":{"line":46,"column":8},"end":{"line":48,"column":null}}]},"3":{"loc":{"start":{"line":58,"column":6},"end":{"line":60,"column":null}},"type":"if","locations":[{"start":{"line":58,"column":6},"end":{"line":60,"column":null}}]}},"s":{"0":1,"1":1,"2":1,"3":25,"4":24,"5":22,"6":1,"7":21,"8":25,"9":25,"10":1,"11":24,"12":24,"13":24,"14":52,"15":51,"16":1,"17":23,"18":1,"19":22,"20":21,"21":21,"22":30,"23":30,"24":73,"25":73,"26":20,"27":1,"28":73,"29":73,"30":182,"31":293,"32":182,"33":104,"34":73,"35":1},"f":{"0":25,"1":25,"2":24,"3":52,"4":21,"5":73,"6":182,"7":293},"b":{"0":[1],"1":[1],"2":[20],"3":[104]}}
}
