TN:
SF:src\domain\entities\Paragraph.ts
FN:9,(anonymous_1)
FN:17,(anonymous_2)
FN:21,(anonymous_3)
FN:25,(anonymous_4)
FN:32,(anonymous_5)
FN:35,(anonymous_6)
FNF:6
FNH:6
FNDA:36,(anonymous_1)
FNDA:4,(anonymous_2)
FNDA:215,(anonymous_3)
FNDA:35,(anonymous_4)
FNDA:35,(anonymous_5)
FNDA:367,(anonymous_6)
DA:1,2
DA:2,2
DA:4,2
DA:5,36
DA:6,36
DA:7,36
DA:10,36
DA:11,1
DA:13,35
DA:14,35
DA:18,4
DA:22,215
DA:26,35
DA:33,35
DA:34,35
DA:35,35
DA:36,367
DA:37,367
DA:38,365
DA:40,2
DA:41,2
DA:42,2
DA:44,0
DA:47,33
LF:24
LH:23
BRDA:10,0,0,1
BRDA:41,1,0,2
BRDA:41,1,1,0
BRF:3
BRH:2
end_of_record
TN:
SF:src\domain\entities\Word.ts
FN:7,(anonymous_0)
FN:17,(anonymous_1)
FN:21,(anonymous_2)
FNF:3
FNH:3
FNDA:428,(anonymous_0)
FNDA:664,(anonymous_1)
FNDA:423,(anonymous_2)
DA:1,3
DA:3,3
DA:4,428
DA:8,428
DA:9,3
DA:11,425
DA:12,2
DA:14,423
DA:18,664
DA:22,423
LF:10
LH:10
BRDA:8,0,0,3
BRDA:11,1,0,2
BRF:2
BRH:2
end_of_record
TN:
SF:src\domain\errors\index.ts
FN:2,(anonymous_0)
FN:9,(anonymous_1)
FN:16,(anonymous_2)
FN:23,(anonymous_3)
FNF:4
FNH:4
FNDA:6,(anonymous_0)
FNDA:2,(anonymous_1)
FNDA:3,(anonymous_2)
FNDA:1,(anonymous_3)
DA:1,3
DA:3,6
DA:4,6
DA:8,3
DA:10,2
DA:11,2
DA:15,3
DA:17,3
DA:18,3
DA:22,3
DA:24,1
DA:25,1
LF:12
LH:12
BRDA:3,0,0,6
BRDA:3,0,1,6
BRDA:10,1,0,2
BRDA:10,1,1,2
BRDA:17,2,0,3
BRDA:17,2,1,2
BRDA:24,3,0,1
BRDA:24,3,1,1
BRF:8
BRH:8
end_of_record
TN:
SF:src\domain\usecases\OneTimeParagraphAnalyser.ts
FN:7,(anonymous_1)
FN:17,(anonymous_2)
FN:25,(anonymous_3)
FN:28,(anonymous_4)
FN:42,(anonymous_5)
FN:54,(anonymous_6)
FN:56,(anonymous_7)
FN:57,(anonymous_8)
FNF:8
FNH:8
FNDA:25,(anonymous_1)
FNDA:25,(anonymous_2)
FNDA:24,(anonymous_3)
FNDA:52,(anonymous_4)
FNDA:21,(anonymous_5)
FNDA:73,(anonymous_6)
FNDA:182,(anonymous_7)
FNDA:293,(anonymous_8)
DA:2,1
DA:3,1
DA:4,1
DA:6,1
DA:8,25
DA:9,24
DA:11,22
DA:12,1
DA:14,21
DA:18,25
DA:19,25
DA:21,1
DA:26,24
DA:27,24
DA:28,24
DA:29,52
DA:30,51
DA:33,1
DA:35,23
DA:36,1
DA:38,22
DA:43,21
DA:44,30
DA:45,73
DA:46,73
DA:47,20
DA:51,1
DA:55,73
DA:56,73
DA:57,293
DA:58,182
DA:59,104
DA:62,73
LF:33
LH:33
BRDA:11,0,0,1
BRDA:35,1,0,1
BRDA:46,2,0,20
BRDA:58,3,0,104
BRF:4
BRH:4
end_of_record
